<?xml version="1.0" encoding="UTF-8"?>
<!-- Generated by org.testng.reporters.JUnitReportReporter -->
<testsuite skipped="0" hostname="ESICDRLAPTOP020" name="com.qa.tests.OTviewListTest" tests="5" failures="0" timestamp="24 Dec 2020 12:08:08 GMT" time="11.439" errors="0">
  <testcase name="doLoginTest" time="0.761" classname="com.qa.tests.OTviewListTest"/>
  <testcase name="doNavigateToSelectHospitalLocationTest" time="1.669" classname="com.qa.tests.OTviewListTest"/>
  <testcase name="doNavigateToHISHomeTest" time="2.243" classname="com.qa.tests.OTviewListTest"/>
  <testcase name="doNavigateToOTandResourceSchedulingTest" time="3.145" classname="com.qa.tests.OTviewListTest"/>
  <testcase name="doOTandResourceSchedulingnTest" time="3.621" classname="com.qa.tests.OTviewListTest"/>
</testsuite> <!-- com.qa.tests.OTviewListTest -->
