<?xml version="1.0" encoding="UTF-8"?>
<!-- Generated by org.testng.reporters.JUnitReportReporter -->
<testsuite skipped="0" hostname="ESICDRLAPTOP020" name="com.qa.tests.OTandResourceSchedulingPageTest" tests="6" failures="0" timestamp="15 Feb 2021 06:22:52 GMT" time="69.068" errors="0">
  <testcase name="doLoginTest" time="0.960" classname="com.qa.tests.OTandResourceSchedulingPageTest"/>
  <testcase name="doNavigateToSelectHospitalLocationTest" time="15.443" classname="com.qa.tests.OTandResourceSchedulingPageTest"/>
  <testcase name="doNavigateToHISHomeTest" time="26.307" classname="com.qa.tests.OTandResourceSchedulingPageTest"/>
  <testcase name="doNavigateToOTandResourceSchedulingTest" time="13.073" classname="com.qa.tests.OTandResourceSchedulingPageTest"/>
  <testcase name="verifyOTSurgeryPageTitleTest" time="0.022" classname="com.qa.tests.OTandResourceSchedulingPageTest"/>
  <testcase name="doOTandResourceSchedulingnTest" time="13.263" classname="com.qa.tests.OTandResourceSchedulingPageTest"/>
</testsuite> <!-- com.qa.tests.OTandResourceSchedulingPageTest -->
