<?xml version="1.0" encoding="UTF-8"?>
<!-- Generated by org.testng.reporters.JUnitReportReporter -->
<testsuite skipped="0" hostname="DESKTOP-3T81ER5" name="com.qa.tests.SelectHospitalLocationPageTest" tests="3" failures="0" timestamp="12 Dec 2020 13:23:03 GMT" time="14.727" errors="0">
  <testcase name="doLoginTest" time="0.150" classname="com.qa.tests.SelectHospitalLocationPageTest"/>
  <testcase name="doNavigateToSelectHospitalLocationTest" time="2.870" classname="com.qa.tests.SelectHospitalLocationPageTest"/>
  <testcase name="doNavigateToHISHomeTest" time="11.707" classname="com.qa.tests.SelectHospitalLocationPageTest"/>
</testsuite> <!-- com.qa.tests.SelectHospitalLocationPageTest -->
