<?xml version="1.0" encoding="UTF-8"?>
<!-- Generated by org.testng.reporters.JUnitReportReporter -->
<testsuite skipped="0" hostname="ESICDRLAPTOP020" name="com.qa.tests.CDRTest" tests="5" failures="0" timestamp="23 Dec 2020 19:02:39 GMT" time="9.740" errors="0">
  <testcase name="doLoginTest" time="0.247" classname="com.qa.tests.CDRTest"/>
  <testcase name="doNavigateToSelectHospitalLocationTest" time="1.679" classname="com.qa.tests.CDRTest"/>
  <testcase name="doNavigateToHISHomeTest" time="2.372" classname="com.qa.tests.CDRTest"/>
  <testcase name="doSearchCDRTest" time="4.633" classname="com.qa.tests.CDRTest"/>
  <testcase name="doNavigateToCDRTest" time="0.809" classname="com.qa.tests.CDRTest"/>
</testsuite> <!-- com.qa.tests.CDRTest -->
