<?xml version="1.0" encoding="UTF-8"?>
<!-- Generated by org.testng.reporters.JUnitReportReporter -->
<testsuite skipped="0" hostname="ESICDRLAPTOP020" name="com.qa.tests.InpatientIssuePageTest" tests="5" failures="0" timestamp="16 Feb 2021 06:32:48 GMT" time="51.393" errors="0">
  <testcase name="doLoginTest" time="4.229" classname="com.qa.tests.InpatientIssuePageTest"/>
  <testcase name="doNavigateToSelectHospitalLocationTest" time="22.633" classname="com.qa.tests.InpatientIssuePageTest"/>
  <testcase name="doNavigateToHISHomeTest" time="1.642" classname="com.qa.tests.InpatientIssuePageTest"/>
  <testcase name="doNavigateToInpatientIssueTest" time="4.683" classname="com.qa.tests.InpatientIssuePageTest"/>
  <testcase name="doInpatientIssueTest" time="18.206" classname="com.qa.tests.InpatientIssuePageTest"/>
</testsuite> <!-- com.qa.tests.InpatientIssuePageTest -->
