<?xml version="1.0" encoding="UTF-8"?>
<!-- Generated by org.testng.reporters.JUnitReportReporter -->
<testsuite skipped="0" hostname="ESICDRLAPTOP020" name="com.qa.tests.CancelCheckinTest" tests="5" failures="0" timestamp="15 Jan 2021 14:58:00 GMT" time="13.290" errors="0">
  <testcase name="doLoginTest" time="0.689" classname="com.qa.tests.CancelCheckinTest"/>
  <testcase name="doNavigateToSelectHospitalLocationTest" time="2.626" classname="com.qa.tests.CancelCheckinTest"/>
  <testcase name="doNavigateToHISHomeTest" time="2.541" classname="com.qa.tests.CancelCheckinTest"/>
  <testcase name="doNavigateToCancelCheckinTest" time="2.723" classname="com.qa.tests.CancelCheckinTest"/>
  <testcase name="doPatientAdmissionTest" time="4.711" classname="com.qa.tests.CancelCheckinTest"/>
</testsuite> <!-- com.qa.tests.CancelCheckinTest -->
