<?xml version="1.0" encoding="UTF-8"?>
<!-- Generated by org.testng.reporters.JUnitReportReporter -->
<testsuite skipped="0" hostname="DESKTOP-3T81ER5" name="com.qa.tests.LoginPageTest" tests="1" failures="0" timestamp="10 Dec 2020 06:11:08 GMT" time="16.686" errors="0">
  <testcase name="doLoginTest" time="16.686" classname="com.qa.tests.LoginPageTest"/>
</testsuite> <!-- com.qa.tests.LoginPageTest -->
