<?xml version="1.0" encoding="UTF-8"?>
<!-- Generated by org.testng.reporters.JUnitReportReporter -->
<testsuite skipped="0" hostname="ESICDRLAPTOP020" name="com.qa.tests.UHIDPageTest" tests="5" failures="0" timestamp="18 Jan 2021 13:01:59 GMT" time="16.304" errors="0">
  <testcase name="doLoginTest" time="0.800" classname="com.qa.tests.UHIDPageTest"/>
  <testcase name="doNavigateToSelectHospitalLocationTest" time="1.846" classname="com.qa.tests.UHIDPageTest"/>
  <testcase name="doNavigateToHISHomeTest" time="4.273" classname="com.qa.tests.UHIDPageTest"/>
  <testcase name="doNavigateToUHIDcreationLinkTest" time="3.198" classname="com.qa.tests.UHIDPageTest"/>
  <testcase name="doUHIDCreationPageTest" time="6.187" classname="com.qa.tests.UHIDPageTest"/>
</testsuite> <!-- com.qa.tests.UHIDPageTest -->
