<?xml version="1.0" encoding="UTF-8"?>
<!-- Generated by org.testng.reporters.JUnitReportReporter -->
<testsuite skipped="0" hostname="DESKTOP-3T81ER5" name="com.qa.tests.PatientCheckInTest" tests="4" failures="0" timestamp="12 Dec 2020 13:27:09 GMT" time="13.471" errors="0">
  <testcase name="doLoginTest" time="1.546" classname="com.qa.tests.PatientCheckInTest"/>
  <testcase name="doNavigateToSelectHospitalLocationTest" time="2.796" classname="com.qa.tests.PatientCheckInTest"/>
  <testcase name="doNavigateToHISHomeTest" time="7.836" classname="com.qa.tests.PatientCheckInTest"/>
  <testcase name="doNavigateToPatientCheckInTest" time="1.293" classname="com.qa.tests.PatientCheckInTest"/>
</testsuite> <!-- com.qa.tests.PatientCheckInTest -->
