<?xml version="1.0" encoding="UTF-8"?>
<!-- Generated by org.testng.reporters.JUnitReportReporter -->
<testsuite skipped="0" hostname="DESKTOP-3T81ER5" name="com.qa.tests.HomePageTest" tests="2" failures="0" timestamp="10 Dec 2020 06:25:25 GMT" time="4.672" errors="0">
  <testcase name="doLoginTest" time="1.235" classname="com.qa.tests.HomePageTest"/>
  <testcase name="doNavigateToSelectHospitalLocationTest" time="3.437" classname="com.qa.tests.HomePageTest"/>
</testsuite> <!-- com.qa.tests.HomePageTest -->
