<?xml version="1.0" encoding="UTF-8"?>
<!-- Generated by org.testng.reporters.JUnitReportReporter -->
<testsuite skipped="0" hostname="ESICDRLAPTOP020" name="com.qa.tests.DoctorWorklistTest" tests="7" failures="0" timestamp="15 Jan 2021 10:49:14 GMT" time="104.809" errors="0">
  <testcase name="doLoginTest" time="0.942" classname="com.qa.tests.DoctorWorklistTest"/>
  <testcase name="doNavigateToSelectHospitalLocationTest" time="49.466" classname="com.qa.tests.DoctorWorklistTest"/>
  <testcase name="doNavigateToHISHomeTest" time="2.488" classname="com.qa.tests.DoctorWorklistTest"/>
  <testcase name="doNavigateToPatientCheckInTest" time="1.402" classname="com.qa.tests.DoctorWorklistTest"/>
  <testcase name="doPatientCheckINTest" time="9.206" classname="com.qa.tests.DoctorWorklistTest"/>
  <testcase name="doCaseSheetPrecriptionTest" time="10.951" classname="com.qa.tests.DoctorWorklistTest"/>
  <testcase name="doCasesheetprecripstionTest" time="30.354" classname="com.qa.tests.DoctorWorklistTest"/>
</testsuite> <!-- com.qa.tests.DoctorWorklistTest -->
