<?xml version="1.0" encoding="UTF-8"?>
<!-- Generated by org.testng.reporters.JUnitReportReporter -->
<testsuite skipped="0" hostname="ESICDRLAPTOP020" name="com.qa.tests.OTandResourceSchedulingPageTest" tests="6" failures="0" timestamp="28 Dec 2020 08:56:53 GMT" time="71.423" errors="0">
  <testcase name="doLoginTest" time="0.234" classname="com.qa.tests.OTandResourceSchedulingPageTest"/>
  <testcase name="doNavigateToSelectHospitalLocationTest" time="48.269" classname="com.qa.tests.OTandResourceSchedulingPageTest"/>
  <testcase name="doNavigateToHISHomeTest" time="3.029" classname="com.qa.tests.OTandResourceSchedulingPageTest"/>
  <testcase name="doNavigateToOTandResourceSchedulingTest" time="13.997" classname="com.qa.tests.OTandResourceSchedulingPageTest"/>
  <testcase name="verifyOTSurgeryPageTitleTest" time="0.016" classname="com.qa.tests.OTandResourceSchedulingPageTest"/>
  <testcase name="doOTandResourceSchedulingnTest" time="5.878" classname="com.qa.tests.OTandResourceSchedulingPageTest"/>
</testsuite> <!-- com.qa.tests.OTandResourceSchedulingPageTest -->
