<?xml version="1.0" encoding="UTF-8"?>
<!-- Generated by org.testng.reporters.JUnitReportReporter -->
<testsuite skipped="0" hostname="DESKTOP-3T81ER5" name="com.qa.tests.PatientCheckInTest" tests="6" failures="0" timestamp="13 Dec 2020 14:51:11 GMT" time="41.789" errors="0">
  <testcase name="doLoginTest" time="0.193" classname="com.qa.tests.PatientCheckInTest"/>
  <testcase name="doNavigateToSelectHospitalLocationTest" time="3.692" classname="com.qa.tests.PatientCheckInTest"/>
  <testcase name="doNavigateToHISHomeTest" time="4.623" classname="com.qa.tests.PatientCheckInTest"/>
  <testcase name="doNavigateToPatientCheckInTest" time="1.618" classname="com.qa.tests.PatientCheckInTest"/>
  <testcase name="verifyPatientCheckInPageTitleTest" time="0.017" classname="com.qa.tests.PatientCheckInTest"/>
  <testcase name="doPatientCheckINTest" time="31.646" classname="com.qa.tests.PatientCheckInTest"/>
</testsuite> <!-- com.qa.tests.PatientCheckInTest -->
